Arguments: 
  /usr/local/bin/node /usr/local/bin/yarn add react-native --exact

PATH: 
  /usr/local/bin:/usr/bin:/bin:/usr/sbin:/sbin:/usr/local/mysql/bin

Yarn version: 
  0.18.0

Node version: 
  6.9.1

Platform: 
  darwin x64

npm manifest: 
  {"name":"RNDemo","version":"0.0.1","private":true,"scripts":{"start":"node node_modules/react-native/local-cli/cli.js start"}}

yarn manifest: 
  No manifest

Lockfile: 
  No lockfile

Trace: 
  Error: read ETIMEDOUT
      at exports._errnoException (util.js:1026:11)
      at TLSWrap.onread (net.js:569:26)
